<?xml version="1.0" encoding="UTF-8"?>
<!-- Generated by org.testng.reporters.JUnitXMLReporter -->
<testsuite hostname="DESKTOP-I8ANQG5" ignored="0" name="Test" tests="4" failures="0" timestamp="06 Feb 2018 09:48:33 GMT" time="59.079" errors="0">
  <testcase name="@AfterTest teardown" time="0.003" classname="com.academyT.ValidateTitleTest">
    <failure type="java.lang.NullPointerException">
      <![CDATA[java.lang.NullPointerException
	at com.academyT.ValidateTitleTest.teardown(ValidateTitleTest.java:33)
... Removed 23 stack frames]]>
    </failure>
  </testcase> <!-- @AfterTest teardown -->
  <testcase name="@AfterTest teardown" time="0.0" classname="com.academyT.navigationMenuTest">
    <skipped/>
  </testcase> <!-- @AfterTest teardown -->
  <testcase name="basePageNavigation" time="20.149" classname="com.academyT.HomePageTest"/>
  <testcase name="basePageNavigation" time="20.395" classname="com.academyT.HomePageTest"/>
  <testcase name="validatingHomePageTitle" time="7.336" classname="com.academyT.ValidateTitleTest"/>
  <testcase name="navigationMenuValidationTest" time="9.063" classname="com.academyT.navigationMenuTest"/>
</testsuite> <!-- Test -->
